[cleanup-nations] start 2026-05-03T06:58:01.129Z mode=DRY RUN
[cleanup-nations] caps: PRIMARY_CAP=4 SECONDARY_CAP=12

[cleanup-nations] scanning threads…
[cleanup-nations]   loaded 1587 threads
[cleanup-nations]   processed 200/1587…[cleanup-nations]   processed 400/1587…[pool] total=1 idle=0 waiting=0
[cleanup-nations]   processed 600/1587…[cleanup-nations]   processed 800/1587…[cleanup-nations]   processed 1000/1587…[pool] total=1 idle=0 waiting=0
[cleanup-nations]   processed 1200/1587…[cleanup-nations]   processed 1400/1587…
[cleanup-nations] scanning timelines…
[cleanup-nations]   loaded 40 timelines
[pool] total=1 idle=0 waiting=0

[cleanup-nations] ── summary ────────────────────────────────────────────
[cleanup-nations]   threads:   278 need updates of 1587 (skipped no-mentions: 788)
[cleanup-nations]   timelines: 30 need updates of 40 (skipped no-mentions: 0)
[cleanup-nations]   primary:   -362 entries removed, +108 promoted
[cleanup-nations]   secondary: +170 new entries added

[cleanup-nations] top 60 changes by impact:

  (1/60) [THREAD #8372] imp=9 arts=79 status=dormant
     Peru Presidential Election: Belmont Leads April 12 Vote
     primary:   [PE,ES,HN,MX]  →  [PE,VE,BG,US]
                -ES,HN,MX  +VE,BG,US
     secondary: [US,VE,BG,CR,CU,FR,GT]  →  []
                -US,VE,BG,CR,CU,FR,GT
     mentions:  PE:49 VE:2 BG:1 US:1

  (2/60) [THREAD #10062] imp=9 arts=69 status=active
     UK Terror Threat Peaks Amid Coordinated Attacks
     primary:   [IE,IR,AU,US]  →  [GB,IL,IR,IT]
                -IE,AU,US  +GB,IL,IT
     secondary: [MX,CL,QA,SO,ES,BE,JP,IL,IT,AE]  →  [SO]
                -MX,CL,QA,ES,BE,JP,IL,IT,AE
     mentions:  GB:43 IL:2 IR:2 IT:2 SO:2

  (3/60) [THREAD #8851] imp=8 arts=16 status=dormant
     South Africa Pledges Crackdown on Xenophobic Violence
     primary:   [US,AU,BG,CA]  →  [BG,GH,VE,ZA]
                -US,AU,CA  +GH,VE,ZA
     secondary: [CH,ES,FR,GH,MZ,VE,ZA]  →  []
                -CH,ES,FR,GH,MZ,VE,ZA
     mentions:  BG:1 GH:1 VE:1 ZA:1

  (4/60) [THREAD #8414] imp=9 arts=8 status=dormant
     AI Religious Imagery Fuels US-Iran Symbolic Conflict
     primary:   [AR,CA,IE,IR]  →  [IR,MX,TJ]
                -AR,CA,IE  +MX,TJ
     secondary: [MX,TJ,US]  →  []
                -MX,TJ,US
     mentions:  IR:1 MX:1 TJ:1

  (5/60) [TIMELINE #123] imp=7 arts=74 status=active
     Peru's 2026 Election
     primary:   [PE,ES,HN,MX]  →  [PE,VE,BG,US]
                -ES,HN,MX  +VE,BG,US
     secondary: [US,VE,BG,CU,FR,GT]  →  []
                -US,VE,BG,CU,FR,GT
     mentions:  PE:49 VE:2 BG:1 US:1

  (6/60) [THREAD #9211] imp=10 arts=1520 status=cooling
     Comey Trial Begins Amid Prosecution Skepticism
     primary:   [US,ES,IR,MX]  →  [US,IR,CN,BR]
                -ES,MX  +CN,BR
     secondary: [CA,BR,AU,GR,RU,CN,DE,FR,IL,PK,CO,IT]  →  [CO,ML,IL,SV,ES,GB,VE,CA,AU,BB,LB,PK]
                -BR,GR,RU,CN,DE,FR,IT  +ML,SV,ES,GB,VE,BB,LB
     mentions:  US:229 IR:39 CN:15 BR:9 CO:7 ML:7 IL:6 SV:6

  (7/60) [THREAD #9463] imp=10 arts=313 status=active
     Mali Military Court Expands April 25 Investigation
     primary:   [ML,RU,SN,US]  →  [ML,RU,CN,VN]
                -SN,US  +CN,VN
     secondary: [CN,CA,FR,VN,IR,ES,BB,BF,PK,QA,TR,DE]  →  [SN,IR,US,BB,PK,BF,IN,NG,AO,CM,CO,DE]
                -CN,CA,FR,VN,ES,QA,TR  +SN,US,IN,NG,AO,CM,CO
     mentions:  ML:225 RU:19 CN:9 VN:7 SN:6 IR:5 US:4 BB:3

  (8/60) [THREAD #9491] imp=10 arts=291 status=cooling
     Indonesia Train Collision Death Toll Rises to 15
     primary:   [CO,ID,US,MX]  →  [CO,ID,VE,IR]
                -US,MX  +VE,IR
     secondary: [VE,PE,BR,CA,ES,AR,FR,RU,QA,IR,CH,PA]  →  [PA,BR,IL,LB,ML,PE,RU,SV,US,AR,BB,CY]
                -VE,CA,ES,FR,QA,IR,CH  +IL,LB,ML,SV,US,BB,CY
     mentions:  CO:129 ID:41 VE:9 IR:4 PA:3 BR:2 IL:2 LB:2

  (9/60) [THREAD #7743] imp=10 arts=271 status=dormant
     Artemis II Crew Returns Home to Global Celebration
     primary:   [US,CA,MX,CO]  →  [US,CA,IR,LB]
                -MX,CO  +IR,LB
     secondary: [ES,BR,GT,IR,LB,AR,IL,VE,CN,FR,IT,GB]  →  [IL,VE,CN,CO,ES,GB,GT,IT,MX,PA,PK,PT]
                -BR,IR,LB,AR,FR  +CO,MX,PA,PK,PT
     mentions:  US:56 CA:7 IR:5 LB:4 IL:3 VE:3 CN:2 CO:2

  (10/60) [TIMELINE #454] imp=10 arts=317 status=active
     Russian military intervention in Mali
     primary:   [ML,SN,RU,US]  →  [ML,RU,CN,VN]
                -SN,US  +CN,VN
     secondary: [CN,CA,FR,VN,IR,BB,ES,BF,PK,QA,TR,DE]  →  [SN,IR,US,BB,PK,BF,IN,NG,AO,CM,CO,DE]
                -CN,CA,FR,VN,ES,QA,TR  +SN,US,IN,NG,AO,CM,CO
     mentions:  ML:227 RU:19 CN:9 VN:7 SN:6 IR:5 US:5 BB:4

  (11/60) [THREAD #8332] imp=9 arts=82 status=dormant
     Capitol Hill Reckoning: Swalwell Resigns Amid Investigations
     primary:   [US,CA,BR,HN]  →  [US,CA,IE,PA]
                -BR,HN  +IE,PA
     secondary: [IE,IN,PA,TR]  →  []
                -IE,IN,PA,TR
     mentions:  US:11 CA:1 IE:1 PA:1

  (12/60) [THREAD #10100] imp=9 arts=78 status=active
     Israel Launches Fresh Strikes on Southern Lebanon
     primary:   [LB,IL,DE,AU]  →  [LB,IL,IR,CN]
                -DE,AU  +IR,CN
     secondary: [IR,QA,US,CN,EG,GB,GR,IN,IQ,RU,SN]  →  [US]
                -IR,QA,CN,EG,GB,GR,IN,IQ,RU,SN
     mentions:  LB:65 IL:45 IR:3 CN:1 US:1

  (13/60) [THREAD #8946] imp=9 arts=63 status=dormant
     Kyiv Mass Shooting Kills Seven; Police Chief Resigns
     primary:   [UA,ES,IN,RU]  →  [UA,RU,BR,SV]
                -ES,IN  +BR,SV
     secondary: [BR,SV]  →  []
                -BR,SV
     mentions:  UA:35 RU:2 BR:1 SV:1

  (14/60) [THREAD #3467] imp=9 arts=55 status=dormant
     Platform Accountability Crisis Amid AI Abuse Surge
     primary:   [IN,MX,US,CN]  →  [CN,DE,IN,JP]
                -MX,US  +DE,JP
     secondary: [DE,IT,JP,KH,MY,NO,NP,PH,RS,RU,SK,SY]  →  [KH,MX,MY,NP,PH,RS,SK,SY,VN]
                -DE,IT,JP,NO,RU  +MX,VN
     mentions:  CN:1 DE:1 IN:1 JP:1 KH:1 MX:1 MY:1 NP:1

  (15/60) [THREAD #9354] imp=9 arts=33 status=dormant
     Chernobyl at 40: Nuclear War Anxieties Peak
     primary:   [UA,RU,PL,MX]  →  [UA,RU,BB,IR]
                -PL,MX  +BB,IR
     secondary: [US,BB,BR,CA,CH,CO,IR,IT,PT]  →  [IT,MX,US]
                -BB,BR,CA,CH,CO,IR,PT  +MX
     mentions:  UA:16 RU:12 BB:1 IR:1 IT:1 MX:1 US:1

  (16/60) [THREAD #8623] imp=9 arts=30 status=dormant
     Iran-US Tensions Escalate Amid Eastern Europe Realignment
     primary:   [BG,IR,US,CA]  →  [BG,IR,DE,RU]
                -US,CA  +DE,RU
     secondary: [DE,RU,UA,AU,GB,GR,IT,LV]  →  [UA,GB,GR,IT]
                -DE,RU,AU,LV
     mentions:  BG:13 IR:3 DE:2 RU:2 UA:2 GB:1 GR:1 IT:1

  (17/60) [THREAD #10333] imp=9 arts=29 status=dormant
     Iran-US Deadlock: Nuclear Brinkmanship Hardens
     primary:   [IR,US,AE,BE]  →  [IR,US,LB,PS]
                -AE,BE  +LB,PS
     secondary: [BG,CL,ES,ID,IE,LB,PS,SG]  →  []
                -BG,CL,ES,ID,IE,LB,PS,SG
     mentions:  IR:23 US:4 LB:1 PS:1

  (18/60) [THREAD #3864] imp=8 arts=11 status=dormant
     Maduro's New York Arrest Escalates US-Venezuela Showdown
     primary:   [VE,BR,AR,ES]  →  [VE,BR,MX,SV]
                -AR,ES  +MX,SV
     secondary: [MX,SV]  →  []
                -MX,SV
     mentions:  VE:3 BR:2 MX:1 SV:1

  (19/60) [THREAD #852] imp=8 arts=7 status=dormant
     Arms Control Uncertainty: END Treaty and Nuclear Weapons Policy
     primary:   [FI,RU,DE,IR]  →  [RU,IR,ML,RS]
                -FI,DE  +ML,RS
     secondary: [ML,RS]  →  []
                -ML,RS
     mentions:  RU:2 IR:1 ML:1 RS:1

  (20/60) [TIMELINE #120] imp=8 arts=274 status=active
     Artemis II Lunar Mission Success
     primary:   [US,CA,MX,CO]  →  [US,CA,IR,LB]
                -MX,CO  +IR,LB
     secondary: [ES,BR,GT,IR,LB,AR,IL,VE,CN,FR,IT,GB]  →  [IL,VE,CN,CO,ES,GB,GT,IT,MX,PA,PK,PT]
                -BR,IR,LB,AR,FR  +CO,MX,PA,PK,PT
     mentions:  US:56 CA:7 IR:5 LB:4 IL:3 VE:3 CN:2 CO:2

  (21/60) [THREAD #10112] imp=10 arts=117 status=active
     Mexico's Political Parties Clash Over Sinaloa Crisis
     primary:   [MX,US,QA,GT]  →  [US,MX,PA]
                -QA,GT  +PA
     secondary: [PA]  →  []
                -PA
     mentions:  US:55 MX:22 PA:1

  (22/60) [TIMELINE #453] imp=10 arts=1903 status=active
     James Comey federal indictment
     primary:   [US]  →  [US,DE,IR,ES]
                +DE,IR,ES
     secondary: [DE,FR,CA,AU,IT,BE,GR,IR]  →  [IT,CN,BR,RU,GB,IL,UA,CA,CO,ML,SV,BB]
                -DE,FR,AU,BE,GR,IR  +CN,BR,RU,GB,IL,UA,CO,ML,SV,BB
     mentions:  US:360 DE:203 IR:121 ES:27 IT:23 CN:15 BR:10 RU:10

  (23/60) [THREAD #9191] imp=7 arts=21 status=cooling
     US Authorizes Venezuela to Fund Maduro Defense
     primary:   [VE,US,BR,CU]  →  [VE,US,FI,LV]
                -BR,CU  +FI,LV
     secondary: [FI,LV]  →  []
                -FI,LV
     mentions:  VE:13 US:7 FI:1 LV:1

  (24/60) [THREAD #10380] imp=7 arts=9 status=cooling
     Myanmar Junta Commutes Suu Kyi Prison Sentence
     primary:   [MM,IN,JP,MY]  →  [MM,NP]
                -IN,JP,MY  +NP
     secondary: [NP,SG]  →  []
                -NP,SG
     mentions:  MM:8 NP:1

  (25/60) [THREAD #9589] imp=7 arts=8 status=cooling
     Islamic State Kills 29 in Adamawa Attack
     primary:   [NG,US,CA,AU]  →  [NG,LY]
                -US,CA,AU  +LY
     secondary: [LY]  →  []
                -LY
     mentions:  NG:8 LY:1

  (26/60) [THREAD #9562] imp=8 arts=64 status=cooling
     FCC Reviews Disney Licenses Over Kimmel Joke
     primary:   [US,AU,AZ,BR]  →  [US]
                -AU,AZ,BR
     secondary: [DO,FR,IT,PE,UY]  →  []
                -DO,FR,IT,PE,UY
     mentions:  US:6

  (27/60) [THREAD #10325] imp=8 arts=32 status=active
     US-Venezuela Air Routes Fully Operational, Expanding
     primary:   [VE,US,CL,CR]  →  [VE,US,PA]
                -CL,CR  +PA
     secondary: [ES,PA,SG]  →  []
                -ES,PA,SG
     mentions:  VE:23 US:19 PA:1

  (28/60) [THREAD #10411] imp=8 arts=28 status=cooling
     Brazil Congress Approves Dosimetry Law Reducing Bolsonaro Sentence
     primary:   [BR,AR,ES,UY]  →  [BR]
                -AR,ES,UY
     secondary: []  →  []
     mentions:  BR:5

  (29/60) [THREAD #9416] imp=8 arts=21 status=cooling
     Japan Struck by Series of Powerful Earthquakes
     primary:   [JP,BE,AE,AU]  →  [JP]
                -BE,AE,AU
     secondary: [CA,FR,GR,ID,IN,MX,PH]  →  []
                -CA,FR,GR,ID,IN,MX,PH
     mentions:  JP:13

  (30/60) [THREAD #9952] imp=8 arts=20 status=cooling
     Trump Administration Commemorative Imagery Campaign
     primary:   [US,AU,BE,PH]  →  [US]
                -AU,BE,PH
     secondary: []  →  []
     mentions:  US:3

  (31/60) [THREAD #10049] imp=8 arts=19 status=cooling
     EU Formally Charges Meta Over Child Safety Violations
     primary:   [BE,US,ES,IE]  →  [BE]
                -US,ES,IE
     secondary: [DE,FR]  →  []
                -DE,FR
     mentions:  BE:2

  (32/60) [TIMELINE #63] imp=8 arts=8 status=active
     Haiti Gang Violence and US Military Intervention
     primary:   [HT,AF,BR,LC]  →  [HT,LC,UG]
                -AF,BR  +UG
     secondary: [UG]  →  []
                -UG
     mentions:  HT:13 LC:1 UG:1

  (33/60) [THREAD #8677] imp=7 arts=33 status=dormant
     John Ternus Named Apple's New CEO
     primary:   [US,CN,DE,ES]  →  [CN]
                -US,DE,ES
     secondary: [IL,IN,IT,SE,UA]  →  []
                -IL,IN,IT,SE,UA
     mentions:  CN:1

  (34/60) [THREAD #10022] imp=10 arts=797 status=active
     Iran Crisis Escalates: Military Threats, Blockades
     primary:   [IR,US,AE,IL]  →  [IR,US,AE,DE]
                -IL  +DE
     secondary: [DE,RU,QA,ES,CN,FR,SA,IN,UA,BR,IT,MX]  →  [IL,RU,CN,SA,UA,LB,CU,ES,GB,IT,IQ,PS]
                -DE,QA,FR,IN,BR,MX  +IL,LB,CU,GB,IQ,PS
     mentions:  IR:423 US:141 AE:126 DE:40 IL:39 RU:23 CN:16 SA:13

  (35/60) [THREAD #10442] imp=10 arts=100 status=active
     Trump Escalates Cuba Military Threat to Unprecedented Level
     primary:   [CU,US,IR,MX]  →  [CU,US,IR,PA]
                -MX  +PA
     secondary: [ES,CO,AR,CL,FR,GT,PA,AO,BR,HN,RU,TR]  →  [AO,CO,ES,VE]
                -AR,CL,FR,GT,PA,BR,HN,RU,TR  +VE
     mentions:  CU:88 US:49 IR:28 PA:2 AO:1 CO:1 ES:1 VE:1

  (36/60) [THREAD #8572] imp=10 arts=61 status=cooling
     Starmer Blocks Mandelson Inquiry Despite Admissions
     primary:   [GB,US,CA,CN]  →  [GB,US,CN,FR]
                -CA  +FR
     secondary: [FR,IE,IT,NO,PK]  →  []
                -FR,IE,IT,NO,PK
     mentions:  GB:16 US:7 CN:1 FR:1

  (37/60) [THREAD #8516] imp=10 arts=45 status=dormant
     Journalist's Death Escalates Lebanon-Israel Crisis
     primary:   [LB,IL,AU,BB]  →  [LB,IL,BB,CN]
                -AU  +CN
     secondary: [CL,CN,DZ,GB,IR,KW,PL,SY,YE]  →  [IR,KW,PL]
                -CL,CN,DZ,GB,SY,YE
     mentions:  LB:31 IL:16 BB:2 CN:1 IR:1 KW:1 PL:1

  (38/60) [THREAD #8388] imp=10 arts=23 status=dormant
     Jilli Airstrike: Accountability Demands Intensify
     primary:   [NG,CA,NL]  →  [NG]
                -CA,NL
     secondary: []  →  []
     mentions:  NG:5

  (39/60) [THREAD #1797] imp=10 arts=19 status=dormant
     Iran Leadership Succession After Ali Khamenei's Death
     primary:   [IR,IL,IE,GB]  →  [IR,IL,IE,KR]
                -GB  +KR
     secondary: [KR,LA,RU]  →  [LA,RU]
                -KR
     mentions:  IR:9 IL:3 IE:2 KR:1 LA:1 RU:1

  (40/60) [TIMELINE #50] imp=10 arts=142 status=active
     Gaza War and Humanitarian Crisis
     primary:   [IL,PS,LB,US]  →  [IL,PS,LB,IR]
                -US  +IR
     secondary: [IR,GB,ES,TR,BS,AF,QA,RU,SY,VE,AE,AM]  →  [GB,US,TR,BS,ES,SY,VE,AE,AF,AM,AR,BR]
                -IR,QA,RU  +US,AR,BR
     mentions:  IL:51 PS:32 LB:31 IR:14 GB:8 US:8 TR:5 BS:4

  (41/60) [TIMELINE #456] imp=10 arts=117 status=active
     Rubén Rocha Moya immunity removal
     primary:   [MX]  →  [US,MX,PA]
                +US,PA
     secondary: [US,QA,GT,PA]  →  []
                -US,QA,GT,PA
     mentions:  US:55 MX:22 PA:1

  (42/60) [THREAD #8360] imp=6 arts=8 status=dormant
     Man Attacks US Military Aircraft at Shannon Airport
     primary:   [IE,CA,MY,PT]  →  [IE,CA,TR]
                -MY,PT  +TR
     secondary: [TR]  →  []
                -TR
     mentions:  IE:5 CA:1 TR:1

  (43/60) [THREAD #9748] imp=9 arts=101 status=active
     Flotilla Activists on Hunger Strike in Israeli Detention
     primary:   [IL,PS,GR,ES]  →  [IL,PS,GR,TR]
                -ES  +TR
     secondary: [TR,IT,SE,AU,BR,MY,QA,BB,CA,CL,FR,ID]  →  [ES,SE,IT,AU,BB,BR,CA,FR,IN,JO,US]
                -TR,MY,QA,CL,ID  +ES,IN,JO,US
     mentions:  IL:61 PS:45 GR:19 TR:10 ES:5 SE:4 IT:3 AU:1

  (44/60) [THREAD #9139] imp=9 arts=82 status=dormant
     Russia Intensifies Ukraine Attacks on Chernobyl Anniversary
     primary:   [UA,RU,US,IR]  →  [UA,RU,IR,RO]
                -US  +RO
     secondary: [RO,CA,DE,ID,IL,PA,AZ,CH,ES,GB,GR,IN]  →  [US,IL,PA,AZ,ES,PS,AE,EG,GB,ID,IN,LB]
                -RO,CA,DE,CH,GR  +US,PS,AE,EG,LB
     mentions:  UA:47 RU:38 IR:7 RO:7 US:4 IL:3 PA:3 AZ:2

  (45/60) [THREAD #8853] imp=9 arts=65 status=dormant
     Gaza Strikes Kill Eight Palestinians Including Children
     primary:   [LB,IL,AU,BB]  →  [LB,IL,BB,PS]
                -AU  +PS
     secondary: [PS,YE,CL,CN,DZ,EG,GB,IR,KW,PL,SD,SY]  →  [CN,IR,KW,PL]
                -PS,YE,CL,DZ,EG,GB,SD,SY
     mentions:  LB:40 IL:24 BB:2 PS:2 CN:1 IR:1 KW:1 PL:1

  (46/60) [THREAD #10070] imp=9 arts=61 status=cooling
     Powell Defies Trump, Cites Legal Threats to Fed Independence
     primary:   [US,IR,KR,ES]  →  [IR,US]
                -KR,ES
     secondary: [AE,QA]  →  []
                -AE,QA
     mentions:  IR:3 US:2

  (47/60) [THREAD #8753] imp=9 arts=61 status=cooling
     Venezuela Expands Caribbean Diplomacy Beyond Colombia
     primary:   [VE,CO,BB,US]  →  [VE,CO,BB,GY]
                -US  +GY
     secondary: [GY,BR,GD,CA,EC,ES,HR,LK,PY,SG,SV]  →  [GD,US,BR,EC,LK,PY,SV]
                -GY,CA,ES,HR,SG  +US
     mentions:  VE:51 CO:42 BB:8 GY:6 GD:2 US:2 BR:1 EC:1

  (48/60) [THREAD #8220] imp=9 arts=46 status=dormant
     Sumud Flotilla Departs for Gaza Blockade
     primary:   [IL,LB,PS,ES]  →  [IL,LB,PS,IR]
                -ES  +IR
     secondary: [IR,US,TR,AE,EG,GB,GR,ID,IT,PE,SY]  →  [ES,US,AE,GB,PE,SY]
                -IR,TR,EG,GR,ID,IT  +ES
     mentions:  IL:26 LB:24 PS:13 IR:7 ES:5 US:4 AE:1 GB:1

  (49/60) [THREAD #10117] imp=9 arts=37 status=active
     Supreme Court ruling threatens Black congressional representation
     primary:   [US,GT,SG,VE]  →  [US,VE]
                -GT,SG
     secondary: []  →  []
     mentions:  US:2 VE:1

  (50/60) [THREAD #8547] imp=9 arts=36 status=dormant
     Germany Navigates Kerosene Shortage and Gulf Deployment
     primary:   [IR,AU,US,IL]  →  [IR,AU,US,DE]
                -IL  +DE
     secondary: [DE,MY,SG,CA,ES,JP,PH,RU]  →  [IL,SG,MY,PH,RU]
                -DE,CA,ES,JP  +IL
     mentions:  IR:18 AU:5 US:3 DE:2 IL:2 SG:2 MY:1 PH:1

  (51/60) [THREAD #9119] imp=9 arts=21 status=dormant
     UK Advances Iran Revolutionary Guards Terrorist Ban
     primary:   [GB,IR,US,CA]  →  [GB,IR]
                -US,CA
     secondary: []  →  []
     mentions:  GB:13 IR:8

  (52/60) [THREAD #10452] imp=9 arts=16 status=active
     Nobel Laureate Mohammadi in Critical Condition
     primary:   [IR,BO,US,AR]  →  [IR,BO]
                -US,AR
     secondary: [CN,PK]  →  []
                -CN,PK
     mentions:  IR:10 BO:2

  (53/60) [THREAD #8277] imp=9 arts=16 status=dormant
     Lufthansa Slashes 20,000 Flights Amid Fuel Crisis
     primary:   [DE,HU,IS,PT]  →  [DE,HU]
                -IS,PT
     secondary: [RO,SY]  →  []
                -RO,SY
     mentions:  DE:4 HU:1

  (54/60) [THREAD #9975] imp=9 arts=16 status=cooling
     UN Confirms Civilian Deaths in Pakistan-Afghanistan Strikes
     primary:   [AF,AE,PK,QA]  →  [AF,PK]
                -AE,QA
     secondary: [US]  →  []
                -US
     mentions:  AF:8 PK:1

  (55/60) [THREAD #8700] imp=9 arts=16 status=cooling
     Kim Pledges Continued Support for Russia's War
     primary:   [RU,KP,UA,CA]  →  [RU,KP,UA,KR]
                -CA  +KR
     secondary: [FR,IN,KR,NL,TR,US]  →  []
                -FR,IN,KR,NL,TR,US
     mentions:  RU:15 KP:12 UA:11 KR:1

  (56/60) [THREAD #8937] imp=9 arts=13 status=dormant
     Sánchez Dismisses Trump NATO Suspension Threat
     primary:   [ES,US,IR,IT]  →  [ES,US,IR,CY]
                -IT  +CY
     secondary: [CY,FR,GB]  →  [GB,IT]
                -CY,FR  +IT
     mentions:  ES:10 US:5 IR:4 CY:1 GB:1 IT:1

  (57/60) [THREAD #8361] imp=9 arts=13 status=dormant
     Haiti Stampede: Investigation Expands Amid Arrests
     primary:   [HT,AF,BR]  →  [HT]
                -AF,BR
     secondary: []  →  []
     mentions:  HT:10

  (58/60) [THREAD #8909] imp=9 arts=12 status=dormant
     Iran Hardens Hormuz Stance Amid US Standoff
     primary:   [IR,US,IL,ES]  →  [IR,US,IL,KW]
                -ES  +KW
     secondary: [IN,IT,KW,PK,YE]  →  [PK]
                -IN,IT,KW,YE
     mentions:  IR:11 US:3 IL:2 KW:1 PK:1

  (59/60) [THREAD #9039] imp=9 arts=8 status=cooling
     Assad, Brother Face Trial in Absentia Damascus
     primary:   [SY,US,TR]  →  [SY]
                -US,TR
     secondary: []  →  []
     mentions:  SY:7

  (60/60) [TIMELINE #341] imp=9 arts=237 status=active
     Climate Crisis: Extreme Weather, Water Security, and Environmental Disasters
     primary:   [US,BR,CA,AU]  →  [US,BR,GB,AU]
                -CA  +GB
     secondary: [GB,IT,BB,PE,SG,TH,XK,AF,BT,CN,CO,GE]  →  [BB,CA,XK,AF,BT,CO,GE,GR,IE,IT,PE,AT]
                -GB,SG,TH,CN  +CA,GR,IE,AT
     mentions:  US:7 BR:6 GB:4 AU:3 BB:3 CA:3 XK:3 AF:2

[cleanup-nations] full report → tmp/nation-cleanup.json

[cleanup-nations] done in 191.3s (DRY RUN — no writes)
