
🖼️  Image backfill — 2026-04-16T06:23:07.245Z
   Resuming from ID > 1871916
   Previously done: 113599 | failed: 1
   Remaining: 231728

   💾 last_id: 1873170 | done: 113699 | failed: 1 | 4738/s | 24s
   💾 last_id: 1874400 | done: 113799 | failed: 1 | 2529/s | 45s
[pool] total=10 idle=7 waiting=0
   💾 last_id: 1875120 | done: 113899 | failed: 1 | 1651/s | 69s
   💾 last_id: 1877411 | done: 113999 | failed: 1 | 1281/s | 89s
[pool] total=10 idle=2 waiting=0
   💾 last_id: 1877878 | done: 114099 | failed: 1 | 1010/s | 113s
   💾 last_id: 1878237 | done: 114199 | failed: 1 | 834/s | 137s
   💾 last_id: 1878429 | done: 114299 | failed: 1 | 701/s | 163s
[pool] total=10 idle=2 waiting=0
   💾 last_id: 1878827 | done: 114399 | failed: 1 | 605/s | 189s
   💾 last_id: 1879806 | done: 114499 | failed: 1 | 530/s | 216s
[pool] total=10 idle=1 waiting=0
   💾 last_id: 1880147 | done: 114599 | failed: 1 | 474/s | 242s
   💾 last_id: 1880472 | done: 114699 | failed: 1 | 431/s | 266s
[pool] total=10 idle=0 waiting=0
   💾 last_id: 1880730 | done: 114799 | failed: 1 | 389/s | 295s
